<?xml version="1.0" encoding="UTF-8"?>
<coverage generated="1627431961017" clover="3.2.0">
  <project timestamp="1627431961017" name="All files">
    <metrics statements="29" coveredstatements="26" conditionals="11" coveredconditionals="7" methods="4" coveredmethods="4" elements="44" coveredelements="37" complexity="0" loc="29" ncloc="29" packages="1" files="1" classes="1"/>
    <file name="markov.js" path="/Users/Sarah/Desktop/Rithm_Curriculum/Rithm_Week_6/Rithm_6.2/node-markov/markov.js">
      <metrics statements="29" coveredstatements="26" conditionals="11" coveredconditionals="7" methods="4" coveredmethods="4"/>
      <line num="2" count="1" type="stmt"/>
      <line num="9" count="1" type="stmt"/>
      <line num="10" count="1" type="stmt"/>
      <line num="21" count="3" type="stmt"/>
      <line num="23" count="3" type="stmt"/>
      <line num="25" count="270" type="cond" truecount="2" falsecount="0"/>
      <line num="26" count="3" type="cond" truecount="2" falsecount="2"/>
      <line num="27" count="0" type="stmt"/>
      <line num="29" count="3" type="stmt"/>
      <line num="34" count="267" type="cond" truecount="2" falsecount="0"/>
      <line num="35" count="24" type="stmt"/>
      <line num="37" count="243" type="stmt"/>
      <line num="41" count="3" type="stmt"/>
      <line num="47" count="2" type="stmt"/>
      <line num="48" count="2" type="stmt"/>
      <line num="49" count="2" type="stmt"/>
      <line num="50" count="2" type="stmt"/>
      <line num="52" count="2" type="stmt"/>
      <line num="54" count="108" type="stmt"/>
      <line num="56" count="108" type="stmt"/>
      <line num="58" count="108" type="cond" truecount="1" falsecount="1"/>
      <line num="59" count="0" type="stmt"/>
      <line num="60" count="0" type="stmt"/>
      <line num="62" count="108" type="stmt"/>
      <line num="63" count="108" type="stmt"/>
      <line num="66" count="2" type="stmt"/>
      <line num="67" count="2" type="stmt"/>
      <line num="74" count="2" type="stmt"/>
      <line num="78" count="1" type="stmt"/>
    </file>
  </project>
</coverage>
