{"/Users/Sarah/Desktop/Rithm_Curriculum/Rithm_Week_6/Rithm_6.2/node-markov/markov.js": {"path":"/Users/Sarah/Desktop/Rithm_Curriculum/Rithm_Week_6/Rithm_6.2/node-markov/markov.js","statementMap":{"0":{"start":{"line":2,"column":12},"end":{"line":2,"column":34}},"1":{"start":{"line":9,"column":16},"end":{"line":9,"column":38}},"2":{"start":{"line":10,"column":4},"end":{"line":10,"column":23}},"3":{"start":{"line":21,"column":23},"end":{"line":21,"column":25}},"4":{"start":{"line":23,"column":4},"end":{"line":40,"column":5}},"5":{"start":{"line":23,"column":17},"end":{"line":23,"column":18}},"6":{"start":{"line":25,"column":6},"end":{"line":39,"column":7}},"7":{"start":{"line":26,"column":8},"end":{"line":30,"column":9}},"8":{"start":{"line":27,"column":10},"end":{"line":27,"column":49}},"9":{"start":{"line":29,"column":10},"end":{"line":29,"column":47}},"10":{"start":{"line":34,"column":8},"end":{"line":38,"column":9}},"11":{"start":{"line":35,"column":10},"end":{"line":35,"column":61}},"12":{"start":{"line":37,"column":10},"end":{"line":37,"column":59}},"13":{"start":{"line":41,"column":4},"end":{"line":41,"column":24}},"14":{"start":{"line":47,"column":23},"end":{"line":47,"column":40}},"15":{"start":{"line":48,"column":23},"end":{"line":48,"column":70}},"16":{"start":{"line":49,"column":23},"end":{"line":49,"column":45}},"17":{"start":{"line":50,"column":15},"end":{"line":50,"column":27}},"18":{"start":{"line":52,"column":4},"end":{"line":65,"column":5}},"19":{"start":{"line":52,"column":17},"end":{"line":52,"column":18}},"20":{"start":{"line":54,"column":19},"end":{"line":54,"column":86}},"21":{"start":{"line":56,"column":17},"end":{"line":56,"column":51}},"22":{"start":{"line":58,"column":6},"end":{"line":64,"column":7}},"23":{"start":{"line":59,"column":8},"end":{"line":59,"column":12}},"24":{"start":{"line":60,"column":8},"end":{"line":60,"column":17}},"25":{"start":{"line":62,"column":8},"end":{"line":62,"column":27}},"26":{"start":{"line":63,"column":8},"end":{"line":63,"column":28}},"27":{"start":{"line":66,"column":4},"end":{"line":66,"column":21}},"28":{"start":{"line":67,"column":4},"end":{"line":67,"column":15}},"29":{"start":{"line":74,"column":2},"end":{"line":74,"column":58}},"30":{"start":{"line":78,"column":0},"end":{"line":84,"column":1}}},"fnMap":{"0":{"name":"(anonymous_0)","decl":{"start":{"line":8,"column":2},"end":{"line":8,"column":3}},"loc":{"start":{"line":8,"column":20},"end":{"line":12,"column":3}},"line":8},"1":{"name":"(anonymous_1)","decl":{"start":{"line":19,"column":2},"end":{"line":19,"column":3}},"loc":{"start":{"line":19,"column":15},"end":{"line":42,"column":3}},"line":19},"2":{"name":"(anonymous_2)","decl":{"start":{"line":46,"column":2},"end":{"line":46,"column":3}},"loc":{"start":{"line":46,"column":26},"end":{"line":68,"column":3}},"line":46},"3":{"name":"randomIntFromInterval","decl":{"start":{"line":73,"column":9},"end":{"line":73,"column":30}},"loc":{"start":{"line":73,"column":41},"end":{"line":75,"column":1}},"line":73}},"branchMap":{"0":{"loc":{"start":{"line":25,"column":6},"end":{"line":39,"column":7}},"type":"if","locations":[{"start":{"line":25,"column":6},"end":{"line":39,"column":7}},{"start":{"line":25,"column":6},"end":{"line":39,"column":7}}],"line":25},"1":{"loc":{"start":{"line":26,"column":8},"end":{"line":30,"column":9}},"type":"if","locations":[{"start":{"line":26,"column":8},"end":{"line":30,"column":9}},{"start":{"line":26,"column":8},"end":{"line":30,"column":9}}],"line":26},"2":{"loc":{"start":{"line":26,"column":12},"end":{"line":26,"column":76}},"type":"binary-expr","locations":[{"start":{"line":26,"column":12},"end":{"line":26,"column":41}},{"start":{"line":26,"column":45},"end":{"line":26,"column":76}}],"line":26},"3":{"loc":{"start":{"line":34,"column":8},"end":{"line":38,"column":9}},"type":"if","locations":[{"start":{"line":34,"column":8},"end":{"line":38,"column":9}},{"start":{"line":34,"column":8},"end":{"line":38,"column":9}}],"line":34},"4":{"loc":{"start":{"line":46,"column":10},"end":{"line":46,"column":24}},"type":"default-arg","locations":[{"start":{"line":46,"column":21},"end":{"line":46,"column":24}}],"line":46},"5":{"loc":{"start":{"line":58,"column":6},"end":{"line":64,"column":7}},"type":"if","locations":[{"start":{"line":58,"column":6},"end":{"line":64,"column":7}},{"start":{"line":58,"column":6},"end":{"line":64,"column":7}}],"line":58}},"s":{"0":1,"1":1,"2":1,"3":3,"4":3,"5":3,"6":270,"7":3,"8":0,"9":3,"10":267,"11":24,"12":243,"13":3,"14":2,"15":2,"16":2,"17":2,"18":2,"19":2,"20":108,"21":108,"22":108,"23":0,"24":0,"25":108,"26":108,"27":2,"28":2,"29":2,"30":1},"f":{"0":1,"1":3,"2":2,"3":2},"b":{"0":[3,267],"1":[0,3],"2":[3,0],"3":[24,243],"4":[0],"5":[0,108]},"_coverageSchema":"1a1c01bbd47fc00a2c39e90264f33305004495a9","hash":"5c0601a04b886be3fd06624d184d7ebc16dcc688"}
}
