TN:
SF:markov.js
FN:8,(anonymous_0)
FN:19,(anonymous_1)
FN:46,(anonymous_2)
FN:73,randomIntFromInterval
FNF:4
FNH:4
FNDA:1,(anonymous_0)
FNDA:3,(anonymous_1)
FNDA:2,(anonymous_2)
FNDA:2,randomIntFromInterval
DA:2,1
DA:9,1
DA:10,1
DA:21,3
DA:23,3
DA:25,270
DA:26,3
DA:27,0
DA:29,3
DA:34,267
DA:35,24
DA:37,243
DA:41,3
DA:47,2
DA:48,2
DA:49,2
DA:50,2
DA:52,2
DA:54,108
DA:56,108
DA:58,108
DA:59,0
DA:60,0
DA:62,108
DA:63,108
DA:66,2
DA:67,2
DA:74,2
DA:78,1
LF:29
LH:26
BRDA:25,0,0,3
BRDA:25,0,1,267
BRDA:26,1,0,0
BRDA:26,1,1,3
BRDA:26,2,0,3
BRDA:26,2,1,0
BRDA:34,3,0,24
BRDA:34,3,1,243
BRDA:46,4,0,0
BRDA:58,5,0,0
BRDA:58,5,1,108
BRF:11
BRH:7
end_of_record
